<?xml version="1.0" encoding="UTF-8"?>
<testsuite name="com.org.sample.RendererTest" tests="1" skipped="0" failures="0" errors="0" timestamp="2023-11-07T12:51:41" hostname="DESKTOP-PJ5V8M0" time="1.517">
  <properties/>
  <testcase name="CustomizeCellRenderer" classname="com.org.sample.RendererTest" time="1.517"/>
  <system-out><![CDATA[Test
]]></system-out>
  <system-err><![CDATA[Configuration file for j.u.l.LogManager does not exist: C:\Users\Ajith\.gradle\caches\modules-2\files-2.1\com.jetbrains.intellij.idea\ideaIC\231.9011.34\e30eed039f2604c455e52b89e4b9e32a2bab9ef5\ideaIC-231.9011.34\test-log.properties
]]></system-err>
</testsuite>
